<?xml version="1.0" encoding="UTF-8"?>
<!-- Generated by org.testng.reporters.JUnitReportReporter -->
<testsuite ignored="0" hostname="knoldus-Vostro-3546" failures="0" tests="1" name="com.knoldus.AmazonSearch" time="2.413" errors="1" timestamp="15 Apr 2020 11:06:39 GMT" skipped="0">
  <testcase classname="com.knoldus.AmazonSearch" name="amazon_search" time="2.413">
    <error message="no such element: Unable to locate element: {&quot;method&quot;:&quot;css selector&quot;,&quot;selector&quot;:&quot;#tsf &gt; div:nth-child(2) &gt; div.A8SBwf.emcav &gt; div.RNNXgb &gt; div &gt; div.a4bIc &gt; div&quot;}
  (Session info: chrome=80.0.3987.149)
For documentation on this error, please visit: https://selenium.dev/exceptions/#no_such_element
Build info: version: &#039;4.0.0-alpha-4&#039;, revision: &#039;c2d955b49e&#039;
System info: host: &#039;knoldus-Vostro-3546&#039;, ip: &#039;127.0.1.1&#039;, os.name: &#039;Linux&#039;, os.arch: &#039;amd64&#039;, os.version: &#039;4.15.0-91-generic&#039;, java.version: &#039;11.0.6&#039;
Driver info: org.openqa.selenium.chrome.ChromeDriver
Capabilities {acceptInsecureCerts: false, browserName: chrome, browserVersion: 80.0.3987.149, chrome: {chromedriverVersion: 80.0.3987.106 (f68069574609..., userDataDir: /tmp/.com.google.Chrome.IR43YM}, goog:chromeOptions: {debuggerAddress: localhost:40167}, javascriptEnabled: true, networkConnectionEnabled: false, pageLoadStrategy: normal, platform: LINUX, platformName: LINUX, proxy: Proxy(), setWindowRect: true, strictFileInteractability: false, timeouts: {implicit: 0, pageLoad: 300000, script: 30000}, unhandledPromptBehavior: dismiss and notify}
Session ID: 2e1bc215be9b9300f8705c0436a2be51
*** Element info: {Using=css selector, value=#tsf &gt; div:nth-child(2) &gt; div.A8SBwf.emcav &gt; div.RNNXgb &gt; div &gt; div.a4bIc &gt; div}" type="org.openqa.selenium.NoSuchElementException">
      <![CDATA[org.openqa.selenium.NoSuchElementException: no such element: Unable to locate element: {"method":"css selector","selector":"#tsf > div:nth-child(2) > div.A8SBwf.emcav > div.RNNXgb > div > div.a4bIc > div"}
  (Session info: chrome=80.0.3987.149)
For documentation on this error, please visit: https://selenium.dev/exceptions/#no_such_element
Build info: version: '4.0.0-alpha-4', revision: 'c2d955b49e'
System info: host: 'knoldus-Vostro-3546', ip: '127.0.1.1', os.name: 'Linux', os.arch: 'amd64', os.version: '4.15.0-91-generic', java.version: '11.0.6'
Driver info: org.openqa.selenium.chrome.ChromeDriver
Capabilities {acceptInsecureCerts: false, browserName: chrome, browserVersion: 80.0.3987.149, chrome: {chromedriverVersion: 80.0.3987.106 (f68069574609..., userDataDir: /tmp/.com.google.Chrome.IR43YM}, goog:chromeOptions: {debuggerAddress: localhost:40167}, javascriptEnabled: true, networkConnectionEnabled: false, pageLoadStrategy: normal, platform: LINUX, platformName: LINUX, proxy: Proxy(), setWindowRect: true, strictFileInteractability: false, timeouts: {implicit: 0, pageLoad: 300000, script: 30000}, unhandledPromptBehavior: dismiss and notify}
Session ID: 2e1bc215be9b9300f8705c0436a2be51
*** Element info: {Using=css selector, value=#tsf > div:nth-child(2) > div.A8SBwf.emcav > div.RNNXgb > div > div.a4bIc > div}
	at java.base/jdk.internal.reflect.NativeConstructorAccessorImpl.newInstance0(Native Method)
	at java.base/jdk.internal.reflect.NativeConstructorAccessorImpl.newInstance(NativeConstructorAccessorImpl.java:62)
	at java.base/jdk.internal.reflect.DelegatingConstructorAccessorImpl.newInstance(DelegatingConstructorAccessorImpl.java:45)
	at java.base/java.lang.reflect.Constructor.newInstance(Constructor.java:490)
	at org.openqa.selenium.remote.codec.w3c.W3CHttpResponseCodec.createException(W3CHttpResponseCodec.java:196)
	at org.openqa.selenium.remote.codec.w3c.W3CHttpResponseCodec.decode(W3CHttpResponseCodec.java:129)
	at org.openqa.selenium.remote.codec.w3c.W3CHttpResponseCodec.decode(W3CHttpResponseCodec.java:53)
	at org.openqa.selenium.remote.HttpCommandExecutor.execute(HttpCommandExecutor.java:161)
	at org.openqa.selenium.remote.service.DriverCommandExecutor.execute(DriverCommandExecutor.java:83)
	at org.openqa.selenium.remote.RemoteWebDriver.execute(RemoteWebDriver.java:582)
	at org.openqa.selenium.remote.RemoteWebDriver.findElement(RemoteWebDriver.java:333)
	at org.openqa.selenium.remote.RemoteWebDriver.findElementByCssSelector(RemoteWebDriver.java:441)
	at com.knoldus.AmazonSearch.amazon_search(AmazonSearch.scala:19)
	at java.base/jdk.internal.reflect.NativeMethodAccessorImpl.invoke0(Native Method)
	at java.base/jdk.internal.reflect.NativeMethodAccessorImpl.invoke(NativeMethodAccessorImpl.java:62)
	at java.base/jdk.internal.reflect.DelegatingMethodAccessorImpl.invoke(DelegatingMethodAccessorImpl.java:43)
	at java.base/java.lang.reflect.Method.invoke(Method.java:566)
	at org.testng.internal.MethodInvocationHelper.invokeMethod(MethodInvocationHelper.java:104)
	at org.testng.internal.Invoker.invokeMethod(Invoker.java:645)
	at org.testng.internal.Invoker.invokeTestMethod(Invoker.java:851)
	at org.testng.internal.Invoker.invokeTestMethods(Invoker.java:1177)
	at org.testng.internal.TestMethodWorker.invokeTestMethods(TestMethodWorker.java:129)
	at org.testng.internal.TestMethodWorker.run(TestMethodWorker.java:112)
	at org.testng.TestRunner.privateRun(TestRunner.java:756)
	at org.testng.TestRunner.run(TestRunner.java:610)
	at org.testng.SuiteRunner.runTest(SuiteRunner.java:387)
	at org.testng.SuiteRunner.runSequentially(SuiteRunner.java:382)
	at org.testng.SuiteRunner.privateRun(SuiteRunner.java:340)
	at org.testng.SuiteRunner.run(SuiteRunner.java:289)
	at org.testng.SuiteRunnerWorker.runSuite(SuiteRunnerWorker.java:52)
	at org.testng.SuiteRunnerWorker.run(SuiteRunnerWorker.java:86)
	at org.testng.TestNG.runSuitesSequentially(TestNG.java:1293)
	at org.testng.TestNG.runSuitesLocally(TestNG.java:1218)
	at org.testng.TestNG.runSuites(TestNG.java:1133)
	at org.testng.TestNG.run(TestNG.java:1104)
	at org.scalatestplus.testng.TestNGSuiteLike.run(TestNGSuiteLike.scala:260)
	at org.scalatestplus.testng.TestNGSuiteLike.run$(TestNGSuiteLike.scala:253)
	at org.scalatestplus.testng.TestNGSuite.run(TestNGSuite.scala:67)
	at org.scalatestplus.testng.TestNGSuiteLike.runTestNG(TestNGSuiteLike.scala:247)
	at org.scalatestplus.testng.TestNGSuiteLike.runTestNG$(TestNGSuiteLike.scala:226)
	at org.scalatestplus.testng.TestNGSuite.runTestNG(TestNGSuite.scala:67)
	at org.scalatestplus.testng.TestNGSuiteLike.run(TestNGSuiteLike.scala:148)
	at org.scalatestplus.testng.TestNGSuiteLike.run$(TestNGSuiteLike.scala:145)
	at org.scalatestplus.testng.TestNGSuite.run(TestNGSuite.scala:67)
	at org.scalatest.tools.SuiteRunner.run(SuiteRunner.scala:45)
	at org.scalatest.tools.Runner$.$anonfun$doRunRunRunDaDoRunRun$13(Runner.scala:1349)
	at org.scalatest.tools.Runner$.$anonfun$doRunRunRunDaDoRunRun$13$adapted(Runner.scala:1343)
	at scala.collection.immutable.List.foreach(List.scala:392)
	at org.scalatest.tools.Runner$.doRunRunRunDaDoRunRun(Runner.scala:1343)
	at org.scalatest.tools.Runner$.$anonfun$runOptionallyWithPassFailReporter$24(Runner.scala:1033)
	at org.scalatest.tools.Runner$.$anonfun$runOptionallyWithPassFailReporter$24$adapted(Runner.scala:1011)
	at org.scalatest.tools.Runner$.withClassLoaderAndDispatchReporter(Runner.scala:1509)
	at org.scalatest.tools.Runner$.runOptionallyWithPassFailReporter(Runner.scala:1011)
	at org.scalatest.tools.Runner$.run(Runner.scala:850)
	at org.scalatest.tools.Runner.run(Runner.scala)
	at org.jetbrains.plugins.scala.testingSupport.scalaTest.ScalaTestRunner.runScalaTest2(ScalaTestRunner.java:133)
	at org.jetbrains.plugins.scala.testingSupport.scalaTest.ScalaTestRunner.main(ScalaTestRunner.java:27)
]]>
    </error>
  </testcase> <!-- amazon_search -->
</testsuite> <!-- com.knoldus.AmazonSearch -->
